2012-08-30 18:35:30 Error: [MissingViewException] View file "/Users/rickcsong/Documents/Home-Hub/web/app/View/Users/index.ctp" is missing.
#0 /Users/rickcsong/Documents/Home-Hub/web/lib/Cake/View/View.php(462): View->_getViewFileName(NULL)
#1 /Users/rickcsong/Documents/Home-Hub/web/lib/Cake/Controller/Controller.php(959): View->render(NULL, NULL)
#2 /Users/rickcsong/Documents/Home-Hub/web/lib/Cake/Routing/Dispatcher.php(110): Controller->render()
#3 /Users/rickcsong/Documents/Home-Hub/web/lib/Cake/Routing/Dispatcher.php(85): Dispatcher->_invoke(Object(UsersController), Object(CakeRequest), Object(CakeResponse))
#4 /Users/rickcsong/Documents/Home-Hub/web/app/webroot/index.php(92): Dispatcher->dispatch(Object(CakeRequest), Object(CakeResponse))
#5 {main}
2012-08-30 18:36:35 Error: [MissingViewException] View file "/Users/rickcsong/Documents/Home-Hub/web/app/View/Users/index.ctp" is missing.
#0 /Users/rickcsong/Documents/Home-Hub/web/lib/Cake/View/View.php(462): View->_getViewFileName(NULL)
#1 /Users/rickcsong/Documents/Home-Hub/web/lib/Cake/Controller/Controller.php(959): View->render(NULL, NULL)
#2 /Users/rickcsong/Documents/Home-Hub/web/lib/Cake/Routing/Dispatcher.php(110): Controller->render()
#3 /Users/rickcsong/Documents/Home-Hub/web/lib/Cake/Routing/Dispatcher.php(85): Dispatcher->_invoke(Object(UsersController), Object(CakeRequest), Object(CakeResponse))
#4 /Users/rickcsong/Documents/Home-Hub/web/app/webroot/index.php(92): Dispatcher->dispatch(Object(CakeRequest), Object(CakeResponse))
#5 {main}
2012-08-30 18:44:06 Error: [MissingViewException] View file "/Users/rickcsong/Documents/Home-Hub/web/app/View/Users/index.ctp" is missing.
#0 /Users/rickcsong/Documents/Home-Hub/web/lib/Cake/View/View.php(462): View->_getViewFileName(NULL)
#1 /Users/rickcsong/Documents/Home-Hub/web/lib/Cake/Controller/Controller.php(959): View->render(NULL, NULL)
#2 /Users/rickcsong/Documents/Home-Hub/web/lib/Cake/Routing/Dispatcher.php(110): Controller->render()
#3 /Users/rickcsong/Documents/Home-Hub/web/lib/Cake/Routing/Dispatcher.php(85): Dispatcher->_invoke(Object(UsersController), Object(CakeRequest), Object(CakeResponse))
#4 /Users/rickcsong/Documents/Home-Hub/web/app/webroot/index.php(92): Dispatcher->dispatch(Object(CakeRequest), Object(CakeResponse))
#5 {main}
2012-08-30 18:44:54 Error: [MissingViewException] View file "/Users/rickcsong/Documents/Home-Hub/web/app/View/Users/index.ctp" is missing.
#0 /Users/rickcsong/Documents/Home-Hub/web/lib/Cake/View/View.php(462): View->_getViewFileName(NULL)
#1 /Users/rickcsong/Documents/Home-Hub/web/lib/Cake/Controller/Controller.php(959): View->render(NULL, NULL)
#2 /Users/rickcsong/Documents/Home-Hub/web/lib/Cake/Routing/Dispatcher.php(110): Controller->render()
#3 /Users/rickcsong/Documents/Home-Hub/web/lib/Cake/Routing/Dispatcher.php(85): Dispatcher->_invoke(Object(UsersController), Object(CakeRequest), Object(CakeResponse))
#4 /Users/rickcsong/Documents/Home-Hub/web/app/webroot/index.php(92): Dispatcher->dispatch(Object(CakeRequest), Object(CakeResponse))
#5 {main}
2012-08-30 18:45:01 Error: [MissingViewException] View file "/Users/rickcsong/Documents/Home-Hub/web/app/View/Users/index.ctp" is missing.
#0 /Users/rickcsong/Documents/Home-Hub/web/lib/Cake/View/View.php(462): View->_getViewFileName(NULL)
#1 /Users/rickcsong/Documents/Home-Hub/web/lib/Cake/Controller/Controller.php(959): View->render(NULL, NULL)
#2 /Users/rickcsong/Documents/Home-Hub/web/lib/Cake/Routing/Dispatcher.php(110): Controller->render()
#3 /Users/rickcsong/Documents/Home-Hub/web/lib/Cake/Routing/Dispatcher.php(85): Dispatcher->_invoke(Object(UsersController), Object(CakeRequest), Object(CakeResponse))
#4 /Users/rickcsong/Documents/Home-Hub/web/app/webroot/index.php(92): Dispatcher->dispatch(Object(CakeRequest), Object(CakeResponse))
#5 {main}
2012-08-30 18:46:08 Error: [PDOException] SQLSTATE[42S22]: Column not found: 1054 Unknown column 'User.id' in 'field list'
#0 /Users/rickcsong/Documents/Home-Hub/web/lib/Cake/Model/Datasource/DboSource.php(437): PDOStatement->execute(Array)
#1 /Users/rickcsong/Documents/Home-Hub/web/lib/Cake/Model/Datasource/DboSource.php(403): DboSource->_execute('SELECT `User`.`...', Array)
#2 /Users/rickcsong/Documents/Home-Hub/web/lib/Cake/Model/Datasource/DboSource.php(647): DboSource->execute('SELECT `User`.`...', Array, Array)
#3 /Users/rickcsong/Documents/Home-Hub/web/lib/Cake/Model/Datasource/DboSource.php(1058): DboSource->fetchAll('SELECT `User`.`...', false)
#4 /Users/rickcsong/Documents/Home-Hub/web/lib/Cake/Model/Model.php(2698): DboSource->read(Object(User), Array)
#5 /Users/rickcsong/Documents/Home-Hub/web/app/Controller/UsersController.php(54): Model->find('all')
#6 [internal function]: UsersController->profile()
#7 /Users/rickcsong/Documents/Home-Hub/web/lib/Cake/Controller/Controller.php(485): ReflectionMethod->invokeArgs(Object(UsersController), Array)
#8 /Users/rickcsong/Documents/Home-Hub/web/lib/Cake/Routing/Dispatcher.php(103): Controller->invokeAction(Object(CakeRequest))
#9 /Users/rickcsong/Documents/Home-Hub/web/lib/Cake/Routing/Dispatcher.php(85): Dispatcher->_invoke(Object(UsersController), Object(CakeRequest), Object(CakeResponse))
#10 /Users/rickcsong/Documents/Home-Hub/web/app/webroot/index.php(92): Dispatcher->dispatch(Object(CakeRequest), Object(CakeResponse))
#11 {main}
2012-08-30 18:46:36 Error: [MissingViewException] View file "/Users/rickcsong/Documents/Home-Hub/web/app/View/Users/index.ctp" is missing.
#0 /Users/rickcsong/Documents/Home-Hub/web/lib/Cake/View/View.php(462): View->_getViewFileName(NULL)
#1 /Users/rickcsong/Documents/Home-Hub/web/lib/Cake/Controller/Controller.php(959): View->render(NULL, NULL)
#2 /Users/rickcsong/Documents/Home-Hub/web/lib/Cake/Routing/Dispatcher.php(110): Controller->render()
#3 /Users/rickcsong/Documents/Home-Hub/web/lib/Cake/Routing/Dispatcher.php(85): Dispatcher->_invoke(Object(UsersController), Object(CakeRequest), Object(CakeResponse))
#4 /Users/rickcsong/Documents/Home-Hub/web/app/webroot/index.php(92): Dispatcher->dispatch(Object(CakeRequest), Object(CakeResponse))
#5 {main}
2012-08-30 18:52:46 Error: [MissingViewException] View file "/Users/rickcsong/Documents/Home-Hub/web/app/View/Users/index.ctp" is missing.
#0 /Users/rickcsong/Documents/Home-Hub/web/lib/Cake/View/View.php(462): View->_getViewFileName(NULL)
#1 /Users/rickcsong/Documents/Home-Hub/web/lib/Cake/Controller/Controller.php(959): View->render(NULL, NULL)
#2 /Users/rickcsong/Documents/Home-Hub/web/lib/Cake/Routing/Dispatcher.php(110): Controller->render()
#3 /Users/rickcsong/Documents/Home-Hub/web/lib/Cake/Routing/Dispatcher.php(85): Dispatcher->_invoke(Object(UsersController), Object(CakeRequest), Object(CakeResponse))
#4 /Users/rickcsong/Documents/Home-Hub/web/app/webroot/index.php(92): Dispatcher->dispatch(Object(CakeRequest), Object(CakeResponse))
#5 {main}
2012-08-30 18:54:30 Error: [MissingViewException] View file "/Users/rickcsong/Documents/Home-Hub/web/app/View/Users/index.ctp" is missing.
#0 /Users/rickcsong/Documents/Home-Hub/web/lib/Cake/View/View.php(462): View->_getViewFileName(NULL)
#1 /Users/rickcsong/Documents/Home-Hub/web/lib/Cake/Controller/Controller.php(959): View->render(NULL, NULL)
#2 /Users/rickcsong/Documents/Home-Hub/web/lib/Cake/Routing/Dispatcher.php(110): Controller->render()
#3 /Users/rickcsong/Documents/Home-Hub/web/lib/Cake/Routing/Dispatcher.php(85): Dispatcher->_invoke(Object(UsersController), Object(CakeRequest), Object(CakeResponse))
#4 /Users/rickcsong/Documents/Home-Hub/web/app/webroot/index.php(92): Dispatcher->dispatch(Object(CakeRequest), Object(CakeResponse))
#5 {main}
2012-08-30 18:54:48 Error: [MissingViewException] View file "/Users/rickcsong/Documents/Home-Hub/web/app/View/Users/index.ctp" is missing.
#0 /Users/rickcsong/Documents/Home-Hub/web/lib/Cake/View/View.php(462): View->_getViewFileName(NULL)
#1 /Users/rickcsong/Documents/Home-Hub/web/lib/Cake/Controller/Controller.php(959): View->render(NULL, NULL)
#2 /Users/rickcsong/Documents/Home-Hub/web/lib/Cake/Routing/Dispatcher.php(110): Controller->render()
#3 /Users/rickcsong/Documents/Home-Hub/web/lib/Cake/Routing/Dispatcher.php(85): Dispatcher->_invoke(Object(UsersController), Object(CakeRequest), Object(CakeResponse))
#4 /Users/rickcsong/Documents/Home-Hub/web/app/webroot/index.php(92): Dispatcher->dispatch(Object(CakeRequest), Object(CakeResponse))
#5 {main}
2012-08-30 18:57:51 Error: [PDOException] SQLSTATE[23000]: Integrity constraint violation: 1062 Duplicate entry 'RickCSong' for key 'UC_Users_Username'
#0 /Users/rickcsong/Documents/Home-Hub/web/lib/Cake/Model/Datasource/DboSource.php(437): PDOStatement->execute(Array)
#1 /Users/rickcsong/Documents/Home-Hub/web/lib/Cake/Model/Datasource/DboSource.php(403): DboSource->_execute('INSERT INTO `ho...', Array)
#2 /Users/rickcsong/Documents/Home-Hub/web/lib/Cake/Model/Datasource/DboSource.php(985): DboSource->execute('INSERT INTO `ho...')
#3 /Users/rickcsong/Documents/Home-Hub/web/lib/Cake/Model/Model.php(1721): DboSource->create(Object(User), Array, Array)
#4 /Users/rickcsong/Documents/Home-Hub/web/lib/Cake/Model/Model.php(2242): Model->save(Array, Array)
#5 /Users/rickcsong/Documents/Home-Hub/web/app/Controller/UsersController.php(34): Model->saveAssociated(Array)
#6 [internal function]: UsersController->index()
#7 /Users/rickcsong/Documents/Home-Hub/web/lib/Cake/Controller/Controller.php(485): ReflectionMethod->invokeArgs(Object(UsersController), Array)
#8 /Users/rickcsong/Documents/Home-Hub/web/lib/Cake/Routing/Dispatcher.php(103): Controller->invokeAction(Object(CakeRequest))
#9 /Users/rickcsong/Documents/Home-Hub/web/lib/Cake/Routing/Dispatcher.php(85): Dispatcher->_invoke(Object(UsersController), Object(CakeRequest), Object(CakeResponse))
#10 /Users/rickcsong/Documents/Home-Hub/web/app/webroot/index.php(92): Dispatcher->dispatch(Object(CakeRequest), Object(CakeResponse))
#11 {main}
2012-08-30 18:58:00 Error: [MissingViewException] View file "/Users/rickcsong/Documents/Home-Hub/web/app/View/Users/index.ctp" is missing.
#0 /Users/rickcsong/Documents/Home-Hub/web/lib/Cake/View/View.php(462): View->_getViewFileName(NULL)
#1 /Users/rickcsong/Documents/Home-Hub/web/lib/Cake/Controller/Controller.php(959): View->render(NULL, NULL)
#2 /Users/rickcsong/Documents/Home-Hub/web/lib/Cake/Routing/Dispatcher.php(110): Controller->render()
#3 /Users/rickcsong/Documents/Home-Hub/web/lib/Cake/Routing/Dispatcher.php(85): Dispatcher->_invoke(Object(UsersController), Object(CakeRequest), Object(CakeResponse))
#4 /Users/rickcsong/Documents/Home-Hub/web/app/webroot/index.php(92): Dispatcher->dispatch(Object(CakeRequest), Object(CakeResponse))
#5 {main}
